CRITICAL - 2022-05-14 00:43:09 --> Invalid file: user/home.php
#0 D:\xammp 2\htdocs\E-ASPIRASI\system\View\View.php(198): CodeIgniter\Exceptions\FrameworkException::forInvalidFile('user/home.php')
#1 D:\xammp 2\htdocs\E-ASPIRASI\system\Common.php(1089): CodeIgniter\View\View->render('user/home', Array, true)
#2 D:\xammp 2\htdocs\E-ASPIRASI\app\Controllers\user.php(5): view('user/home')
#3 D:\xammp 2\htdocs\E-ASPIRASI\system\CodeIgniter.php(832): App\Controllers\user->index()
#4 D:\xammp 2\htdocs\E-ASPIRASI\system\CodeIgniter.php(419): CodeIgniter\CodeIgniter->runController(Object(App\Controllers\user))
#5 D:\xammp 2\htdocs\E-ASPIRASI\system\CodeIgniter.php(326): CodeIgniter\CodeIgniter->handleRequest(NULL, Object(Config\Cache), false)
#6 D:\xammp 2\htdocs\E-ASPIRASI\public\index.php(37): CodeIgniter\CodeIgniter->run()
#7 D:\xammp 2\htdocs\E-ASPIRASI\system\Commands\Server\rewrite.php(43): require_once('D:\\xammp 2\\htdo...')
#8 {main}
CRITICAL - 2022-05-14 00:43:10 --> Invalid file: user/home.php
#0 D:\xammp 2\htdocs\E-ASPIRASI\system\View\View.php(198): CodeIgniter\Exceptions\FrameworkException::forInvalidFile('user/home.php')
#1 D:\xammp 2\htdocs\E-ASPIRASI\system\Common.php(1089): CodeIgniter\View\View->render('user/home', Array, true)
#2 D:\xammp 2\htdocs\E-ASPIRASI\app\Controllers\user.php(5): view('user/home')
#3 D:\xammp 2\htdocs\E-ASPIRASI\system\CodeIgniter.php(832): App\Controllers\user->index()
#4 D:\xammp 2\htdocs\E-ASPIRASI\system\CodeIgniter.php(419): CodeIgniter\CodeIgniter->runController(Object(App\Controllers\user))
#5 D:\xammp 2\htdocs\E-ASPIRASI\system\CodeIgniter.php(326): CodeIgniter\CodeIgniter->handleRequest(NULL, Object(Config\Cache), false)
#6 D:\xammp 2\htdocs\E-ASPIRASI\public\index.php(37): CodeIgniter\CodeIgniter->run()
#7 D:\xammp 2\htdocs\E-ASPIRASI\system\Commands\Server\rewrite.php(43): require_once('D:\\xammp 2\\htdo...')
#8 {main}
CRITICAL - 2022-05-14 00:43:11 --> Invalid file: user/home.php
#0 D:\xammp 2\htdocs\E-ASPIRASI\system\View\View.php(198): CodeIgniter\Exceptions\FrameworkException::forInvalidFile('user/home.php')
#1 D:\xammp 2\htdocs\E-ASPIRASI\system\Common.php(1089): CodeIgniter\View\View->render('user/home', Array, true)
#2 D:\xammp 2\htdocs\E-ASPIRASI\app\Controllers\user.php(5): view('user/home')
#3 D:\xammp 2\htdocs\E-ASPIRASI\system\CodeIgniter.php(832): App\Controllers\user->index()
#4 D:\xammp 2\htdocs\E-ASPIRASI\system\CodeIgniter.php(419): CodeIgniter\CodeIgniter->runController(Object(App\Controllers\user))
#5 D:\xammp 2\htdocs\E-ASPIRASI\system\CodeIgniter.php(326): CodeIgniter\CodeIgniter->handleRequest(NULL, Object(Config\Cache), false)
#6 D:\xammp 2\htdocs\E-ASPIRASI\public\index.php(37): CodeIgniter\CodeIgniter->run()
#7 D:\xammp 2\htdocs\E-ASPIRASI\system\Commands\Server\rewrite.php(43): require_once('D:\\xammp 2\\htdo...')
#8 {main}
CRITICAL - 2022-05-14 00:43:12 --> Invalid file: user/home.php
#0 D:\xammp 2\htdocs\E-ASPIRASI\system\View\View.php(198): CodeIgniter\Exceptions\FrameworkException::forInvalidFile('user/home.php')
#1 D:\xammp 2\htdocs\E-ASPIRASI\system\Common.php(1089): CodeIgniter\View\View->render('user/home', Array, true)
#2 D:\xammp 2\htdocs\E-ASPIRASI\app\Controllers\user.php(5): view('user/home')
#3 D:\xammp 2\htdocs\E-ASPIRASI\system\CodeIgniter.php(832): App\Controllers\user->index()
#4 D:\xammp 2\htdocs\E-ASPIRASI\system\CodeIgniter.php(419): CodeIgniter\CodeIgniter->runController(Object(App\Controllers\user))
#5 D:\xammp 2\htdocs\E-ASPIRASI\system\CodeIgniter.php(326): CodeIgniter\CodeIgniter->handleRequest(NULL, Object(Config\Cache), false)
#6 D:\xammp 2\htdocs\E-ASPIRASI\public\index.php(37): CodeIgniter\CodeIgniter->run()
#7 D:\xammp 2\htdocs\E-ASPIRASI\system\Commands\Server\rewrite.php(43): require_once('D:\\xammp 2\\htdo...')
#8 {main}
CRITICAL - 2022-05-14 00:43:14 --> Invalid file: user/home.php
#0 D:\xammp 2\htdocs\E-ASPIRASI\system\View\View.php(198): CodeIgniter\Exceptions\FrameworkException::forInvalidFile('user/home.php')
#1 D:\xammp 2\htdocs\E-ASPIRASI\system\Common.php(1089): CodeIgniter\View\View->render('user/home', Array, true)
#2 D:\xammp 2\htdocs\E-ASPIRASI\app\Controllers\user.php(5): view('user/home')
#3 D:\xammp 2\htdocs\E-ASPIRASI\system\CodeIgniter.php(832): App\Controllers\user->index()
#4 D:\xammp 2\htdocs\E-ASPIRASI\system\CodeIgniter.php(419): CodeIgniter\CodeIgniter->runController(Object(App\Controllers\user))
#5 D:\xammp 2\htdocs\E-ASPIRASI\system\CodeIgniter.php(326): CodeIgniter\CodeIgniter->handleRequest(NULL, Object(Config\Cache), false)
#6 D:\xammp 2\htdocs\E-ASPIRASI\public\index.php(37): CodeIgniter\CodeIgniter->run()
#7 D:\xammp 2\htdocs\E-ASPIRASI\system\Commands\Server\rewrite.php(43): require_once('D:\\xammp 2\\htdo...')
#8 {main}
CRITICAL - 2022-05-14 00:43:23 --> Invalid file: user/home.php
#0 D:\xammp 2\htdocs\E-ASPIRASI\system\View\View.php(198): CodeIgniter\Exceptions\FrameworkException::forInvalidFile('user/home.php')
#1 D:\xammp 2\htdocs\E-ASPIRASI\system\Common.php(1089): CodeIgniter\View\View->render('user/home', Array, true)
#2 D:\xammp 2\htdocs\E-ASPIRASI\app\Controllers\user.php(5): view('user/home')
#3 D:\xammp 2\htdocs\E-ASPIRASI\system\CodeIgniter.php(832): App\Controllers\user->index()
#4 D:\xammp 2\htdocs\E-ASPIRASI\system\CodeIgniter.php(419): CodeIgniter\CodeIgniter->runController(Object(App\Controllers\user))
#5 D:\xammp 2\htdocs\E-ASPIRASI\system\CodeIgniter.php(326): CodeIgniter\CodeIgniter->handleRequest(NULL, Object(Config\Cache), false)
#6 D:\xammp 2\htdocs\E-ASPIRASI\public\index.php(37): CodeIgniter\CodeIgniter->run()
#7 D:\xammp 2\htdocs\E-ASPIRASI\system\Commands\Server\rewrite.php(43): require_once('D:\\xammp 2\\htdo...')
#8 {main}
CRITICAL - 2022-05-14 00:44:00 --> Invalid file: coba.php
#0 D:\xammp 2\htdocs\E-ASPIRASI\system\View\View.php(198): CodeIgniter\Exceptions\FrameworkException::forInvalidFile('coba.php')
#1 D:\xammp 2\htdocs\E-ASPIRASI\system\Common.php(1089): CodeIgniter\View\View->render('coba', Array, true)
#2 D:\xammp 2\htdocs\E-ASPIRASI\app\Controllers\coba.php(5): view('coba')
#3 D:\xammp 2\htdocs\E-ASPIRASI\system\CodeIgniter.php(832): App\Controllers\coba->index()
#4 D:\xammp 2\htdocs\E-ASPIRASI\system\CodeIgniter.php(419): CodeIgniter\CodeIgniter->runController(Object(App\Controllers\coba))
#5 D:\xammp 2\htdocs\E-ASPIRASI\system\CodeIgniter.php(326): CodeIgniter\CodeIgniter->handleRequest(NULL, Object(Config\Cache), false)
#6 D:\xammp 2\htdocs\E-ASPIRASI\public\index.php(37): CodeIgniter\CodeIgniter->run()
#7 D:\xammp 2\htdocs\E-ASPIRASI\system\Commands\Server\rewrite.php(43): require_once('D:\\xammp 2\\htdo...')
#8 {main}
CRITICAL - 2022-05-14 01:16:07 --> Undefined variable $nama
#0 D:\xammp 2\htdocs\E-ASPIRASI\app\Views\user\aspirasi.php(24): CodeIgniter\Debug\Exceptions->errorHandler(2, 'Undefined varia...', 'D:\\xammp 2\\htdo...', 24)
#1 D:\xammp 2\htdocs\E-ASPIRASI\system\View\View.php(210): include('D:\\xammp 2\\htdo...')
#2 D:\xammp 2\htdocs\E-ASPIRASI\system\View\View.php(213): CodeIgniter\View\View->CodeIgniter\View\{closure}()
#3 D:\xammp 2\htdocs\E-ASPIRASI\system\Common.php(1089): CodeIgniter\View\View->render('user/aspirasi', Array, true)
#4 D:\xammp 2\htdocs\E-ASPIRASI\app\Controllers\user.php(8): view('user/aspirasi')
#5 D:\xammp 2\htdocs\E-ASPIRASI\system\CodeIgniter.php(832): App\Controllers\user->aspirasi()
#6 D:\xammp 2\htdocs\E-ASPIRASI\system\CodeIgniter.php(419): CodeIgniter\CodeIgniter->runController(Object(App\Controllers\user))
#7 D:\xammp 2\htdocs\E-ASPIRASI\system\CodeIgniter.php(326): CodeIgniter\CodeIgniter->handleRequest(NULL, Object(Config\Cache), false)
#8 D:\xammp 2\htdocs\E-ASPIRASI\public\index.php(37): CodeIgniter\CodeIgniter->run()
#9 D:\xammp 2\htdocs\E-ASPIRASI\system\Commands\Server\rewrite.php(43): require_once('D:\\xammp 2\\htdo...')
#10 {main}
CRITICAL - 2022-05-14 01:16:13 --> Undefined variable $nama
#0 D:\xammp 2\htdocs\E-ASPIRASI\app\Views\user\aspirasi.php(24): CodeIgniter\Debug\Exceptions->errorHandler(2, 'Undefined varia...', 'D:\\xammp 2\\htdo...', 24)
#1 D:\xammp 2\htdocs\E-ASPIRASI\system\View\View.php(210): include('D:\\xammp 2\\htdo...')
#2 D:\xammp 2\htdocs\E-ASPIRASI\system\View\View.php(213): CodeIgniter\View\View->CodeIgniter\View\{closure}()
#3 D:\xammp 2\htdocs\E-ASPIRASI\system\Common.php(1089): CodeIgniter\View\View->render('user/aspirasi', Array, true)
#4 D:\xammp 2\htdocs\E-ASPIRASI\app\Controllers\user.php(8): view('user/aspirasi')
#5 D:\xammp 2\htdocs\E-ASPIRASI\system\CodeIgniter.php(832): App\Controllers\user->aspirasi()
#6 D:\xammp 2\htdocs\E-ASPIRASI\system\CodeIgniter.php(419): CodeIgniter\CodeIgniter->runController(Object(App\Controllers\user))
#7 D:\xammp 2\htdocs\E-ASPIRASI\system\CodeIgniter.php(326): CodeIgniter\CodeIgniter->handleRequest(NULL, Object(Config\Cache), false)
#8 D:\xammp 2\htdocs\E-ASPIRASI\public\index.php(37): CodeIgniter\CodeIgniter->run()
#9 D:\xammp 2\htdocs\E-ASPIRASI\system\Commands\Server\rewrite.php(43): require_once('D:\\xammp 2\\htdo...')
#10 {main}
CRITICAL - 2022-05-14 01:16:50 --> Undefined variable $nama
#0 D:\xammp 2\htdocs\E-ASPIRASI\app\Views\user\aspirasi.php(31): CodeIgniter\Debug\Exceptions->errorHandler(2, 'Undefined varia...', 'D:\\xammp 2\\htdo...', 31)
#1 D:\xammp 2\htdocs\E-ASPIRASI\system\View\View.php(210): include('D:\\xammp 2\\htdo...')
#2 D:\xammp 2\htdocs\E-ASPIRASI\system\View\View.php(213): CodeIgniter\View\View->CodeIgniter\View\{closure}()
#3 D:\xammp 2\htdocs\E-ASPIRASI\system\Common.php(1089): CodeIgniter\View\View->render('user/aspirasi', Array, true)
#4 D:\xammp 2\htdocs\E-ASPIRASI\app\Controllers\user.php(8): view('user/aspirasi')
#5 D:\xammp 2\htdocs\E-ASPIRASI\system\CodeIgniter.php(832): App\Controllers\user->aspirasi()
#6 D:\xammp 2\htdocs\E-ASPIRASI\system\CodeIgniter.php(419): CodeIgniter\CodeIgniter->runController(Object(App\Controllers\user))
#7 D:\xammp 2\htdocs\E-ASPIRASI\system\CodeIgniter.php(326): CodeIgniter\CodeIgniter->handleRequest(NULL, Object(Config\Cache), false)
#8 D:\xammp 2\htdocs\E-ASPIRASI\public\index.php(37): CodeIgniter\CodeIgniter->run()
#9 D:\xammp 2\htdocs\E-ASPIRASI\system\Commands\Server\rewrite.php(43): require_once('D:\\xammp 2\\htdo...')
#10 {main}
CRITICAL - 2022-05-14 01:16:55 --> Undefined variable $nama
#0 D:\xammp 2\htdocs\E-ASPIRASI\app\Views\user\aspirasi.php(31): CodeIgniter\Debug\Exceptions->errorHandler(2, 'Undefined varia...', 'D:\\xammp 2\\htdo...', 31)
#1 D:\xammp 2\htdocs\E-ASPIRASI\system\View\View.php(210): include('D:\\xammp 2\\htdo...')
#2 D:\xammp 2\htdocs\E-ASPIRASI\system\View\View.php(213): CodeIgniter\View\View->CodeIgniter\View\{closure}()
#3 D:\xammp 2\htdocs\E-ASPIRASI\system\Common.php(1089): CodeIgniter\View\View->render('user/aspirasi', Array, true)
#4 D:\xammp 2\htdocs\E-ASPIRASI\app\Controllers\user.php(8): view('user/aspirasi')
#5 D:\xammp 2\htdocs\E-ASPIRASI\system\CodeIgniter.php(832): App\Controllers\user->aspirasi()
#6 D:\xammp 2\htdocs\E-ASPIRASI\system\CodeIgniter.php(419): CodeIgniter\CodeIgniter->runController(Object(App\Controllers\user))
#7 D:\xammp 2\htdocs\E-ASPIRASI\system\CodeIgniter.php(326): CodeIgniter\CodeIgniter->handleRequest(NULL, Object(Config\Cache), false)
#8 D:\xammp 2\htdocs\E-ASPIRASI\public\index.php(37): CodeIgniter\CodeIgniter->run()
#9 D:\xammp 2\htdocs\E-ASPIRASI\system\Commands\Server\rewrite.php(43): require_once('D:\\xammp 2\\htdo...')
#10 {main}
CRITICAL - 2022-05-14 01:16:58 --> Undefined variable $nama
#0 D:\xammp 2\htdocs\E-ASPIRASI\app\Views\user\aspirasi.php(31): CodeIgniter\Debug\Exceptions->errorHandler(2, 'Undefined varia...', 'D:\\xammp 2\\htdo...', 31)
#1 D:\xammp 2\htdocs\E-ASPIRASI\system\View\View.php(210): include('D:\\xammp 2\\htdo...')
#2 D:\xammp 2\htdocs\E-ASPIRASI\system\View\View.php(213): CodeIgniter\View\View->CodeIgniter\View\{closure}()
#3 D:\xammp 2\htdocs\E-ASPIRASI\system\Common.php(1089): CodeIgniter\View\View->render('user/aspirasi', Array, true)
#4 D:\xammp 2\htdocs\E-ASPIRASI\app\Controllers\user.php(8): view('user/aspirasi')
#5 D:\xammp 2\htdocs\E-ASPIRASI\system\CodeIgniter.php(832): App\Controllers\user->aspirasi()
#6 D:\xammp 2\htdocs\E-ASPIRASI\system\CodeIgniter.php(419): CodeIgniter\CodeIgniter->runController(Object(App\Controllers\user))
#7 D:\xammp 2\htdocs\E-ASPIRASI\system\CodeIgniter.php(326): CodeIgniter\CodeIgniter->handleRequest(NULL, Object(Config\Cache), false)
#8 D:\xammp 2\htdocs\E-ASPIRASI\public\index.php(37): CodeIgniter\CodeIgniter->run()
#9 D:\xammp 2\htdocs\E-ASPIRASI\system\Commands\Server\rewrite.php(43): require_once('D:\\xammp 2\\htdo...')
#10 {main}
CRITICAL - 2022-05-14 01:17:02 --> Undefined variable $nama
#0 D:\xammp 2\htdocs\E-ASPIRASI\app\Views\user\aspirasi.php(31): CodeIgniter\Debug\Exceptions->errorHandler(2, 'Undefined varia...', 'D:\\xammp 2\\htdo...', 31)
#1 D:\xammp 2\htdocs\E-ASPIRASI\system\View\View.php(210): include('D:\\xammp 2\\htdo...')
#2 D:\xammp 2\htdocs\E-ASPIRASI\system\View\View.php(213): CodeIgniter\View\View->CodeIgniter\View\{closure}()
#3 D:\xammp 2\htdocs\E-ASPIRASI\system\Common.php(1089): CodeIgniter\View\View->render('user/aspirasi', Array, true)
#4 D:\xammp 2\htdocs\E-ASPIRASI\app\Controllers\user.php(8): view('user/aspirasi')
#5 D:\xammp 2\htdocs\E-ASPIRASI\system\CodeIgniter.php(832): App\Controllers\user->aspirasi()
#6 D:\xammp 2\htdocs\E-ASPIRASI\system\CodeIgniter.php(419): CodeIgniter\CodeIgniter->runController(Object(App\Controllers\user))
#7 D:\xammp 2\htdocs\E-ASPIRASI\system\CodeIgniter.php(326): CodeIgniter\CodeIgniter->handleRequest(NULL, Object(Config\Cache), false)
#8 D:\xammp 2\htdocs\E-ASPIRASI\public\index.php(37): CodeIgniter\CodeIgniter->run()
#9 D:\xammp 2\htdocs\E-ASPIRASI\system\Commands\Server\rewrite.php(43): require_once('D:\\xammp 2\\htdo...')
#10 {main}
