ERROR - 2022-05-21 01:17:19 --> Error connecting to the database: Access denied for user ''@'localhost' (using password: NO)
CRITICAL - 2022-05-21 01:17:19 --> Unable to connect to the database.
Main connection [MySQLi]: Access denied for user ''@'localhost' (using password: NO)
#0 D:\xammp 2\htdocs\E-ASPIRASI\system\Database\BaseConnection.php(577): CodeIgniter\Database\BaseConnection->initialize()
#1 D:\xammp 2\htdocs\E-ASPIRASI\system\Database\BaseBuilder.php(1455): CodeIgniter\Database\BaseConnection->query('SELECT *\nFROM `...', Array, false)
#2 D:\xammp 2\htdocs\E-ASPIRASI\app\Models\m_admin.php(14): CodeIgniter\Database\BaseBuilder->get()
#3 D:\xammp 2\htdocs\E-ASPIRASI\app\Controllers\Login.php(17): App\Models\m_admin->get_data('123123', '123123')
#4 D:\xammp 2\htdocs\E-ASPIRASI\system\CodeIgniter.php(832): App\Controllers\Login->process()
#5 D:\xammp 2\htdocs\E-ASPIRASI\system\CodeIgniter.php(419): CodeIgniter\CodeIgniter->runController(Object(App\Controllers\Login))
#6 D:\xammp 2\htdocs\E-ASPIRASI\system\CodeIgniter.php(326): CodeIgniter\CodeIgniter->handleRequest(NULL, Object(Config\Cache), false)
#7 D:\xammp 2\htdocs\E-ASPIRASI\public\index.php(37): CodeIgniter\CodeIgniter->run()
#8 D:\xammp 2\htdocs\E-ASPIRASI\system\Commands\Server\rewrite.php(43): require_once('D:\\xammp 2\\htdo...')
#9 {main}
CRITICAL - 2022-05-21 01:41:46 --> Invalid file: user.php
#0 D:\xammp 2\htdocs\E-ASPIRASI\system\View\View.php(198): CodeIgniter\Exceptions\FrameworkException::forInvalidFile('user.php')
#1 D:\xammp 2\htdocs\E-ASPIRASI\system\Common.php(1089): CodeIgniter\View\View->render('user', Array, true)
#2 D:\xammp 2\htdocs\E-ASPIRASI\app\Controllers\Dataaspirasi.php(17): view('user', Array)
#3 D:\xammp 2\htdocs\E-ASPIRASI\system\CodeIgniter.php(832): App\Controllers\dataaspirasi->index()
#4 D:\xammp 2\htdocs\E-ASPIRASI\system\CodeIgniter.php(419): CodeIgniter\CodeIgniter->runController(Object(App\Controllers\dataaspirasi))
#5 D:\xammp 2\htdocs\E-ASPIRASI\system\CodeIgniter.php(326): CodeIgniter\CodeIgniter->handleRequest(NULL, Object(Config\Cache), false)
#6 D:\xammp 2\htdocs\E-ASPIRASI\public\index.php(37): CodeIgniter\CodeIgniter->run()
#7 D:\xammp 2\htdocs\E-ASPIRASI\system\Commands\Server\rewrite.php(43): require_once('D:\\xammp 2\\htdo...')
#8 {main}
CRITICAL - 2022-05-21 02:04:19 --> Namespace declaration statement has to be the very first statement or after any declare call in the script
#0 [internal function]: CodeIgniter\Debug\Exceptions->shutdownHandler()
#1 {main}
CRITICAL - 2022-05-21 23:07:32 --> Call to undefined method App\Models\m_setting::getuser
#0 D:\xammp 2\htdocs\E-ASPIRASI\app\Controllers\setting.php(16): CodeIgniter\Model->__call('getuser', Array)
#1 D:\xammp 2\htdocs\E-ASPIRASI\system\CodeIgniter.php(832): App\Controllers\setting->changepass()
#2 D:\xammp 2\htdocs\E-ASPIRASI\system\CodeIgniter.php(419): CodeIgniter\CodeIgniter->runController(Object(App\Controllers\setting))
#3 D:\xammp 2\htdocs\E-ASPIRASI\system\CodeIgniter.php(326): CodeIgniter\CodeIgniter->handleRequest(NULL, Object(Config\Cache), false)
#4 D:\xammp 2\htdocs\E-ASPIRASI\public\index.php(37): CodeIgniter\CodeIgniter->run()
#5 D:\xammp 2\htdocs\E-ASPIRASI\system\Commands\Server\rewrite.php(43): require_once('D:\\xammp 2\\htdo...')
#6 {main}
CRITICAL - 2022-05-21 23:07:50 --> Undefined property: App\Controllers\setting::$session
#0 D:\xammp 2\htdocs\E-ASPIRASI\app\Controllers\setting.php(28): CodeIgniter\Debug\Exceptions->errorHandler(2, 'Undefined prope...', 'D:\\xammp 2\\htdo...', 28)
#1 D:\xammp 2\htdocs\E-ASPIRASI\system\CodeIgniter.php(832): App\Controllers\setting->changepass()
#2 D:\xammp 2\htdocs\E-ASPIRASI\system\CodeIgniter.php(419): CodeIgniter\CodeIgniter->runController(Object(App\Controllers\setting))
#3 D:\xammp 2\htdocs\E-ASPIRASI\system\CodeIgniter.php(326): CodeIgniter\CodeIgniter->handleRequest(NULL, Object(Config\Cache), false)
#4 D:\xammp 2\htdocs\E-ASPIRASI\public\index.php(37): CodeIgniter\CodeIgniter->run()
#5 D:\xammp 2\htdocs\E-ASPIRASI\system\Commands\Server\rewrite.php(43): require_once('D:\\xammp 2\\htdo...')
#6 {main}
CRITICAL - 2022-05-21 23:09:18 --> Undefined variable $session
#0 D:\xammp 2\htdocs\E-ASPIRASI\app\Controllers\setting.php(17): CodeIgniter\Debug\Exceptions->errorHandler(2, 'Undefined varia...', 'D:\\xammp 2\\htdo...', 17)
#1 D:\xammp 2\htdocs\E-ASPIRASI\system\CodeIgniter.php(832): App\Controllers\setting->changepass()
#2 D:\xammp 2\htdocs\E-ASPIRASI\system\CodeIgniter.php(419): CodeIgniter\CodeIgniter->runController(Object(App\Controllers\setting))
#3 D:\xammp 2\htdocs\E-ASPIRASI\system\CodeIgniter.php(326): CodeIgniter\CodeIgniter->handleRequest(NULL, Object(Config\Cache), false)
#4 D:\xammp 2\htdocs\E-ASPIRASI\public\index.php(37): CodeIgniter\CodeIgniter->run()
#5 D:\xammp 2\htdocs\E-ASPIRASI\system\Commands\Server\rewrite.php(43): require_once('D:\\xammp 2\\htdo...')
#6 {main}
CRITICAL - 2022-05-21 23:09:34 --> Undefined property: App\Controllers\setting::$session
#0 D:\xammp 2\htdocs\E-ASPIRASI\app\Controllers\setting.php(28): CodeIgniter\Debug\Exceptions->errorHandler(2, 'Undefined prope...', 'D:\\xammp 2\\htdo...', 28)
#1 D:\xammp 2\htdocs\E-ASPIRASI\system\CodeIgniter.php(832): App\Controllers\setting->changepass()
#2 D:\xammp 2\htdocs\E-ASPIRASI\system\CodeIgniter.php(419): CodeIgniter\CodeIgniter->runController(Object(App\Controllers\setting))
#3 D:\xammp 2\htdocs\E-ASPIRASI\system\CodeIgniter.php(326): CodeIgniter\CodeIgniter->handleRequest(NULL, Object(Config\Cache), false)
#4 D:\xammp 2\htdocs\E-ASPIRASI\public\index.php(37): CodeIgniter\CodeIgniter->run()
#5 D:\xammp 2\htdocs\E-ASPIRASI\system\Commands\Server\rewrite.php(43): require_once('D:\\xammp 2\\htdo...')
#6 {main}
CRITICAL - 2022-05-21 23:11:31 --> Undefined property: App\Controllers\setting::$session
#0 D:\xammp 2\htdocs\E-ASPIRASI\app\Controllers\setting.php(28): CodeIgniter\Debug\Exceptions->errorHandler(2, 'Undefined prope...', 'D:\\xammp 2\\htdo...', 28)
#1 D:\xammp 2\htdocs\E-ASPIRASI\system\CodeIgniter.php(832): App\Controllers\setting->changepass()
#2 D:\xammp 2\htdocs\E-ASPIRASI\system\CodeIgniter.php(419): CodeIgniter\CodeIgniter->runController(Object(App\Controllers\setting))
#3 D:\xammp 2\htdocs\E-ASPIRASI\system\CodeIgniter.php(326): CodeIgniter\CodeIgniter->handleRequest(NULL, Object(Config\Cache), false)
#4 D:\xammp 2\htdocs\E-ASPIRASI\public\index.php(37): CodeIgniter\CodeIgniter->run()
#5 D:\xammp 2\htdocs\E-ASPIRASI\system\Commands\Server\rewrite.php(43): require_once('D:\\xammp 2\\htdo...')
#6 {main}
CRITICAL - 2022-05-21 23:12:08 --> Call to undefined method CodeIgniter\Session\Session::set_flashdata()
#0 D:\xammp 2\htdocs\E-ASPIRASI\system\CodeIgniter.php(832): App\Controllers\setting->changepass()
#1 D:\xammp 2\htdocs\E-ASPIRASI\system\CodeIgniter.php(419): CodeIgniter\CodeIgniter->runController(Object(App\Controllers\setting))
#2 D:\xammp 2\htdocs\E-ASPIRASI\system\CodeIgniter.php(326): CodeIgniter\CodeIgniter->handleRequest(NULL, Object(Config\Cache), false)
#3 D:\xammp 2\htdocs\E-ASPIRASI\public\index.php(37): CodeIgniter\CodeIgniter->run()
#4 D:\xammp 2\htdocs\E-ASPIRASI\system\Commands\Server\rewrite.php(43): require_once('D:\\xammp 2\\htdo...')
#5 {main}
CRITICAL - 2022-05-21 23:24:28 --> Undefined property: App\Controllers\setting::$session
#0 D:\xammp 2\htdocs\E-ASPIRASI\app\Controllers\setting.php(29): CodeIgniter\Debug\Exceptions->errorHandler(2, 'Undefined prope...', 'D:\\xammp 2\\htdo...', 29)
#1 D:\xammp 2\htdocs\E-ASPIRASI\system\CodeIgniter.php(832): App\Controllers\setting->changepass()
#2 D:\xammp 2\htdocs\E-ASPIRASI\system\CodeIgniter.php(419): CodeIgniter\CodeIgniter->runController(Object(App\Controllers\setting))
#3 D:\xammp 2\htdocs\E-ASPIRASI\system\CodeIgniter.php(326): CodeIgniter\CodeIgniter->handleRequest(NULL, Object(Config\Cache), false)
#4 D:\xammp 2\htdocs\E-ASPIRASI\public\index.php(37): CodeIgniter\CodeIgniter->run()
#5 D:\xammp 2\htdocs\E-ASPIRASI\system\Commands\Server\rewrite.php(43): require_once('D:\\xammp 2\\htdo...')
#6 {main}
